# JRE version: OpenJDK Runtime Environment (8.0_171-b11) (build 1.8.0_171-8u171-b11-1~deb9u1-b11)
# Java VM: OpenJDK 64-Bit Server VM (25.171-b11 mixed mode linux-amd64 compressed oops)
Heap:
 def new generation   total 28224K, used 0K [0x00000000f0600000, 0x00000000f24a0000, 0x00000000f5950000)
  eden space 25088K,   0% used [0x00000000f0600000, 0x00000000f0600000, 0x00000000f1e80000)
  from space 3136K,   0% used [0x00000000f2190000, 0x00000000f2190000, 0x00000000f24a0000)
  to   space 3136K,   0% used [0x00000000f1e80000, 0x00000000f1e80000, 0x00000000f2190000)
 tenured generation   total 62672K, used 52480K [0x00000000f5950000, 0x00000000f9684000, 0x0000000100000000)
   the space 62672K,  83% used [0x00000000f5950000, 0x00000000f8c901f8, 0x00000000f8c90200, 0x00000000f9684000)
 Metaspace       used 55869K, capacity 56858K, committed 56960K, reserved 1099776K
  class space    used 6630K, capacity 6892K, committed 6912K, reserved 1048576K
GC Heap History (10 events):
Event: 373.067 GC heap after
Heap after GC invocations=74 (full 4):
 def new generation   total 28224K, used 2225K [0x00000000f0600000, 0x00000000f24a0000, 0x00000000f5950000)
  eden space 25088K,   0% used [0x00000000f0600000, 0x00000000f0600000, 0x00000000f1e80000)
  from space 3136K,  70% used [0x00000000f2190000, 0x00000000f23bc718, 0x00000000f24a0000)
  to   space 3136K,   0% used [0x00000000f1e80000, 0x00000000f1e80000, 0x00000000f2190000)
 tenured generation   total 62672K, used 44814K [0x00000000f5950000, 0x00000000f9684000, 0x0000000100000000)
   the space 62672K,  71% used [0x00000000f5950000, 0x00000000f8513870, 0x00000000f8513a00, 0x00000000f9684000)
 Metaspace       used 49210K, capacity 50188K, committed 50304K, reserved 1093632K
  class space    used 5756K, capacity 5983K, committed 6016K, reserved 1048576K
}
Event: 377.688 GC heap before
{Heap before GC invocations=74 (full 4):
 def new generation   total 28224K, used 27313K [0x00000000f0600000, 0x00000000f24a0000, 0x00000000f5950000)
  eden space 25088K, 100% used [0x00000000f0600000, 0x00000000f1e80000, 0x00000000f1e80000)
  from space 3136K,  70% used [0x00000000f2190000, 0x00000000f23bc718, 0x00000000f24a0000)
  to   space 3136K,   0% used [0x00000000f1e80000, 0x00000000f1e80000, 0x00000000f2190000)
 tenured generation   total 62672K, used 44814K [0x00000000f5950000, 0x00000000f9684000, 0x0000000100000000)
   the space 62672K,  71% used [0x00000000f5950000, 0x00000000f8513870, 0x00000000f8513a00, 0x00000000f9684000)
 Metaspace       used 50485K, capacity 51500K, committed 51840K, reserved 1095680K
  class space    used 5940K, capacity 6207K, committed 6272K, reserved 1048576K
Event: 377.754 GC heap after
Heap after GC invocations=75 (full 4):
 def new generation   total 28224K, used 1596K [0x00000000f0600000, 0x00000000f24a0000, 0x00000000f5950000)
  eden space 25088K,   0% used [0x00000000f0600000, 0x00000000f0600000, 0x00000000f1e80000)
  from space 3136K,  50% used [0x00000000f1e80000, 0x00000000f200f230, 0x00000000f2190000)
  to   space 3136K,   0% used [0x00000000f2190000, 0x00000000f2190000, 0x00000000f24a0000)
 tenured generation   total 62672K, used 45750K [0x00000000f5950000, 0x00000000f9684000, 0x0000000100000000)
   the space 62672K,  73% used [0x00000000f5950000, 0x00000000f85fdaa8, 0x00000000f85fdc00, 0x00000000f9684000)
 Metaspace       used 50485K, capacity 51500K, committed 51840K, reserved 1095680K
  class space    used 5940K, capacity 6207K, committed 6272K, reserved 1048576K
}
Event: 382.067 GC heap before
{Heap before GC invocations=75 (full 4):
 def new generation   total 28224K, used 26684K [0x00000000f0600000, 0x00000000f24a0000, 0x00000000f5950000)
  eden space 25088K, 100% used [0x00000000f0600000, 0x00000000f1e80000, 0x00000000f1e80000)
  from space 3136K,  50% used [0x00000000f1e80000, 0x00000000f200f230, 0x00000000f2190000)
  to   space 3136K,   0% used [0x00000000f2190000, 0x00000000f2190000, 0x00000000f24a0000)
 tenured generation   total 62672K, used 45750K [0x00000000f5950000, 0x00000000f9684000, 0x0000000100000000)
   the space 62672K,  73% used [0x00000000f5950000, 0x00000000f85fdaa8, 0x00000000f85fdc00, 0x00000000f9684000)
 Metaspace       used 51589K, capacity 52636K, committed 52992K, reserved 1095680K
  class space    used 6089K, capacity 6343K, committed 6400K, reserved 1048576K
Event: 382.100 GC heap after
Heap after GC invocations=76 (full 4):
 def new generation   total 28224K, used 1697K [0x00000000f0600000, 0x00000000f24a0000, 0x00000000f5950000)
  eden space 25088K,   0% used [0x00000000f0600000, 0x00000000f0600000, 0x00000000f1e80000)
  from space 3136K,  54% used [0x00000000f2190000, 0x00000000f2338640, 0x00000000f24a0000)
  to   space 3136K,   0% used [0x00000000f1e80000, 0x00000000f1e80000, 0x00000000f2190000)
 tenured generation   total 62672K, used 46905K [0x00000000f5950000, 0x00000000f9684000, 0x0000000100000000)
   the space 62672K,  74% used [0x00000000f5950000, 0x00000000f871e450, 0x00000000f871e600, 0x00000000f9684000)
 Metaspace       used 51589K, capacity 52636K, committed 52992K, reserved 1095680K
  class space    used 6089K, capacity 6343K, committed 6400K, reserved 1048576K
}
Event: 386.753 GC heap before
{Heap before GC invocations=76 (full 4):
 def new generation   total 28224K, used 26785K [0x00000000f0600000, 0x00000000f24a0000, 0x00000000f5950000)
  eden space 25088K, 100% used [0x00000000f0600000, 0x00000000f1e80000, 0x00000000f1e80000)
  from space 3136K,  54% used [0x00000000f2190000, 0x00000000f2338640, 0x00000000f24a0000)
  to   space 3136K,   0% used [0x00000000f1e80000, 0x00000000f1e80000, 0x00000000f2190000)
 tenured generation   total 62672K, used 46905K [0x00000000f5950000, 0x00000000f9684000, 0x0000000100000000)
   the space 62672K,  74% used [0x00000000f5950000, 0x00000000f871e450, 0x00000000f871e600, 0x00000000f9684000)
 Metaspace       used 53308K, capacity 54292K, committed 54528K, reserved 1097728K
  class space    used 6323K, capacity 6571K, committed 6656K, reserved 1048576K
Event: 386.822 GC heap after
Heap after GC invocations=77 (full 4):
 def new generation   total 28224K, used 3136K [0x00000000f0600000, 0x00000000f24a0000, 0x00000000f5950000)
  eden space 25088K,   0% used [0x00000000f0600000, 0x00000000f0600000, 0x00000000f1e80000)
  from space 3136K, 100% used [0x00000000f1e80000, 0x00000000f2190000, 0x00000000f2190000)
  to   space 3136K,   0% used [0x00000000f2190000, 0x00000000f2190000, 0x00000000f24a0000)
 tenured generation   total 62672K, used 49496K [0x00000000f5950000, 0x00000000f9684000, 0x0000000100000000)
   the space 62672K,  78% used [0x00000000f5950000, 0x00000000f89a62e0, 0x00000000f89a6400, 0x00000000f9684000)
 Metaspace       used 53308K, capacity 54292K, committed 54528K, reserved 1097728K
  class space    used 6323K, capacity 6571K, committed 6656K, reserved 1048576K
}
Event: 409.258 GC heap before
{Heap before GC invocations=77 (full 4):
 def new generation   total 28224K, used 28224K [0x00000000f0600000, 0x00000000f24a0000, 0x00000000f5950000)
  eden space 25088K, 100% used [0x00000000f0600000, 0x00000000f1e80000, 0x00000000f1e80000)
  from space 3136K, 100% used [0x00000000f1e80000, 0x00000000f2190000, 0x00000000f2190000)
  to   space 3136K,   0% used [0x00000000f2190000, 0x00000000f2190000, 0x00000000f24a0000)
 tenured generation   total 62672K, used 49496K [0x00000000f5950000, 0x00000000f9684000, 0x0000000100000000)
   the space 62672K,  78% used [0x00000000f5950000, 0x00000000f89a62e0, 0x00000000f89a6400, 0x00000000f9684000)
 Metaspace       used 55055K, capacity 56020K, committed 56192K, reserved 1099776K
  class space    used 6520K, capacity 6763K, committed 6784K, reserved 1048576K
Event: 409.716 GC heap after
Heap after GC invocations=78 (full 4):
 def new generation   total 28224K, used 3135K [0x00000000f0600000, 0x00000000f24a0000, 0x00000000f5950000)
  eden space 25088K,   0% used [0x00000000f0600000, 0x00000000f0600000, 0x00000000f1e80000)
  from space 3136K,  99% used [0x00000000f2190000, 0x00000000f249fff8, 0x00000000f24a0000)
  to   space 3136K,   0% used [0x00000000f1e80000, 0x00000000f1e80000, 0x00000000f2190000)
 tenured generation   total 62672K, used 52780K [0x00000000f5950000, 0x00000000f9684000, 0x0000000100000000)
   the space 62672K,  84% used [0x00000000f5950000, 0x00000000f8cdb240, 0x00000000f8cdb400, 0x00000000f9684000)
 Metaspace       used 55055K, capacity 56020K, committed 56192K, reserved 1099776K
  class space    used 6520K, capacity 6763K, committed 6784K, reserved 1048576K
}
Event: 430.847 GC heap before
{Heap before GC invocations=78 (full 4):
 def new generation   total 28224K, used 25583K [0x00000000f0600000, 0x00000000f24a0000, 0x00000000f5950000)
  eden space 25088K,  89% used [0x00000000f0600000, 0x00000000f1bebfd0, 0x00000000f1e80000)
  from space 3136K,  99% used [0x00000000f2190000, 0x00000000f249fff8, 0x00000000f24a0000)
  to   space 3136K,   0% used [0x00000000f1e80000, 0x00000000f1e80000, 0x00000000f2190000)
 tenured generation   total 62672K, used 52780K [0x00000000f5950000, 0x00000000f9684000, 0x0000000100000000)
   the space 62672K,  84% used [0x00000000f5950000, 0x00000000f8cdb240, 0x00000000f8cdb400, 0x00000000f9684000)
 Metaspace       used 55869K, capacity 56858K, committed 56960K, reserved 1099776K
  class space    used 6630K, capacity 6892K, committed 6912K, reserved 1048576K

